# JRE version: OpenJDK Runtime Environment (11.0.12+7) (build 11.0.12+7-b1504.28-7817840)
# Java VM: OpenJDK 64-Bit Server VM (11.0.12+7-b1504.28-7817840, mixed mode, tiered, compressed oops, g1 gc, windows-amd64)
Heap:
 garbage-first heap   total 366592K, used 198087K [0x00000000a0000000, 0x0000000100000000)
  region size 1024K, 5 young (5120K), 5 survivors (5120K)
 Metaspace       used 109111K, capacity 111871K, committed 112416K, reserved 1146880K
  class space    used 13959K, capacity 15014K, committed 15320K, reserved 1048576K
GC Heap History (20 events):
Event: 16.298 GC heap after
{Heap after GC invocations=25 (full 0):
 garbage-first heap   total 315392K, used 184644K [0x00000000a0000000, 0x0000000100000000)
  region size 1024K, 10 young (10240K), 10 survivors (10240K)
 Metaspace       used 105494K, capacity 108414K, committed 108832K, reserved 1142784K
  class space    used 13766K, capacity 14921K, committed 15064K, reserved 1048576K
}
Event: 16.493 GC heap before
{Heap before GC invocations=25 (full 0):
 garbage-first heap   total 315392K, used 250180K [0x00000000a0000000, 0x0000000100000000)
  region size 1024K, 74 young (75776K), 10 survivors (10240K)
 Metaspace       used 106189K, capacity 109173K, committed 109472K, reserved 1144832K
  class space    used 13874K, capacity 15042K, committed 15192K, reserved 1048576K
}
Event: 16.507 GC heap after
{Heap after GC invocations=26 (full 0):
 garbage-first heap   total 315392K, used 193451K [0x00000000a0000000, 0x0000000100000000)
  region size 1024K, 8 young (8192K), 8 survivors (8192K)
 Metaspace       used 106189K, capacity 109173K, committed 109472K, reserved 1144832K
  class space    used 13874K, capacity 15042K, committed 15192K, reserved 1048576K
}
Event: 16.910 GC heap before
{Heap before GC invocations=27 (full 0):
 garbage-first heap   total 315392K, used 254891K [0x00000000a0000000, 0x0000000100000000)
  region size 1024K, 69 young (70656K), 8 survivors (8192K)
 Metaspace       used 106935K, capacity 109639K, committed 110496K, reserved 1144832K
  class space    used 13794K, capacity 14830K, committed 15192K, reserved 1048576K
}
Event: 16.918 GC heap after
{Heap after GC invocations=28 (full 0):
 garbage-first heap   total 315392K, used 194879K [0x00000000a0000000, 0x0000000100000000)
  region size 1024K, 2 young (2048K), 2 survivors (2048K)
 Metaspace       used 106935K, capacity 109639K, committed 110496K, reserved 1144832K
  class space    used 13794K, capacity 14830K, committed 15192K, reserved 1048576K
}
Event: 17.172 GC heap before
{Heap before GC invocations=28 (full 0):
 garbage-first heap   total 315392K, used 259391K [0x00000000a0000000, 0x0000000100000000)
  region size 1024K, 65 young (66560K), 2 survivors (2048K)
 Metaspace       used 107837K, capacity 110571K, committed 111392K, reserved 1144832K
  class space    used 13891K, capacity 14924K, committed 15320K, reserved 1048576K
}
Event: 17.179 GC heap after
{Heap after GC invocations=29 (full 0):
 garbage-first heap   total 315392K, used 195170K [0x00000000a0000000, 0x0000000100000000)
  region size 1024K, 2 young (2048K), 2 survivors (2048K)
 Metaspace       used 107837K, capacity 110571K, committed 111392K, reserved 1144832K
  class space    used 13891K, capacity 14924K, committed 15320K, reserved 1048576K
}
Event: 17.471 GC heap before
{Heap before GC invocations=29 (full 0):
 garbage-first heap   total 315392K, used 260706K [0x00000000a0000000, 0x0000000100000000)
  region size 1024K, 67 young (68608K), 2 survivors (2048K)
 Metaspace       used 107927K, capacity 110561K, committed 111648K, reserved 1146880K
  class space    used 13842K, capacity 14847K, committed 15320K, reserved 1048576K
}
Event: 17.476 GC heap after
{Heap after GC invocations=30 (full 0):
 garbage-first heap   total 315392K, used 194936K [0x00000000a0000000, 0x0000000100000000)
  region size 1024K, 2 young (2048K), 2 survivors (2048K)
 Metaspace       used 107927K, capacity 110561K, committed 111648K, reserved 1146880K
  class space    used 13842K, capacity 14847K, committed 15320K, reserved 1048576K
}
Event: 17.816 GC heap before
{Heap before GC invocations=31 (full 0):
 garbage-first heap   total 315392K, used 262520K [0x00000000a0000000, 0x0000000100000000)
  region size 1024K, 69 young (70656K), 2 survivors (2048K)
 Metaspace       used 108637K, capacity 111332K, committed 112160K, reserved 1146880K
  class space    used 13937K, capacity 14953K, committed 15320K, reserved 1048576K
}
Event: 17.823 GC heap after
{Heap after GC invocations=32 (full 0):
 garbage-first heap   total 315392K, used 196449K [0x00000000a0000000, 0x0000000100000000)
  region size 1024K, 4 young (4096K), 4 survivors (4096K)
 Metaspace       used 108637K, capacity 111332K, committed 112160K, reserved 1146880K
  class space    used 13937K, capacity 14953K, committed 15320K, reserved 1048576K
}
Event: 17.843 GC heap before
{Heap before GC invocations=32 (full 0):
 garbage-first heap   total 315392K, used 207713K [0x00000000a0000000, 0x0000000100000000)
  region size 1024K, 15 young (15360K), 4 survivors (4096K)
 Metaspace       used 108638K, capacity 111332K, committed 112160K, reserved 1146880K
  class space    used 13937K, capacity 14953K, committed 15320K, reserved 1048576K
}
Event: 17.849 GC heap after
{Heap after GC invocations=33 (full 0):
 garbage-first heap   total 315392K, used 193854K [0x00000000a0000000, 0x0000000100000000)
  region size 1024K, 1 young (1024K), 1 survivors (1024K)
 Metaspace       used 108638K, capacity 111332K, committed 112160K, reserved 1146880K
  class space    used 13937K, capacity 14953K, committed 15320K, reserved 1048576K
}
Event: 18.030 GC heap before
{Heap before GC invocations=33 (full 0):
 garbage-first heap   total 315392K, used 264510K [0x00000000a0000000, 0x0000000100000000)
  region size 1024K, 70 young (71680K), 1 survivors (1024K)
 Metaspace       used 108755K, capacity 111526K, committed 112160K, reserved 1146880K
  class space    used 13947K, capacity 14997K, committed 15320K, reserved 1048576K
}
Event: 18.037 GC heap after
{Heap after GC invocations=34 (full 0):
 garbage-first heap   total 315392K, used 194695K [0x00000000a0000000, 0x0000000100000000)
  region size 1024K, 2 young (2048K), 2 survivors (2048K)
 Metaspace       used 108755K, capacity 111526K, committed 112160K, reserved 1146880K
  class space    used 13947K, capacity 14997K, committed 15320K, reserved 1048576K
}
Event: 18.223 GC heap before
{Heap before GC invocations=34 (full 0):
 garbage-first heap   total 315392K, used 265351K [0x00000000a0000000, 0x0000000100000000)
  region size 1024K, 72 young (73728K), 2 survivors (2048K)
 Metaspace       used 108913K, capacity 111690K, committed 112416K, reserved 1146880K
  class space    used 13951K, capacity 15005K, committed 15320K, reserved 1048576K
}
Event: 18.228 GC heap after
{Heap after GC invocations=35 (full 0):
 garbage-first heap   total 315392K, used 195589K [0x00000000a0000000, 0x0000000100000000)
  region size 1024K, 3 young (3072K), 3 survivors (3072K)
 Metaspace       used 108913K, capacity 111690K, committed 112416K, reserved 1146880K
  class space    used 13951K, capacity 15005K, committed 15320K, reserved 1048576K
}
Event: 18.490 GC heap before
{Heap before GC invocations=35 (full 0):
 garbage-first heap   total 315392K, used 267269K [0x00000000a0000000, 0x0000000100000000)
  region size 1024K, 74 young (75776K), 3 survivors (3072K)
 Metaspace       used 109010K, capacity 111765K, committed 112416K, reserved 1146880K
  class space    used 13953K, capacity 15004K, committed 15320K, reserved 1048576K
}
Event: 18.499 GC heap after
{Heap after GC invocations=36 (full 0):
 garbage-first heap   total 315392K, used 197023K [0x00000000a0000000, 0x0000000100000000)
  region size 1024K, 4 young (4096K), 4 survivors (4096K)
 Metaspace       used 109010K, capacity 111765K, committed 112416K, reserved 1146880K
  class space    used 13953K, capacity 15004K, committed 15320K, reserved 1048576K
}
Event: 18.617 GC heap before
{Heap before GC invocations=37 (full 0):
 garbage-first heap   total 315392K, used 268703K [0x00000000a0000000, 0x0000000100000000)
  region size 1024K, 75 young (76800K), 4 survivors (4096K)
 Metaspace       used 109111K, capacity 111871K, committed 112416K, reserved 1146880K
  class space    used 13959K, capacity 15014K, committed 15320K, reserved 1048576K
}

