# JRE version: OpenJDK Runtime Environment (11.0.12+7) (build 11.0.12+7-b1504.28-7817840)
# Java VM: OpenJDK 64-Bit Server VM (11.0.12+7-b1504.28-7817840, mixed mode, tiered, compressed oops, g1 gc, windows-amd64)
Heap:
 garbage-first heap   total 322560K, used 233980K [0x00000000a0000000, 0x0000000100000000)
  region size 1024K, 52 young (53248K), 6 survivors (6144K)
 Metaspace       used 135230K, capacity 138416K, committed 139772K, reserved 1171456K
  class space    used 16519K, capacity 17700K, committed 18304K, reserved 1048576K
GC Heap History (20 events):
Event: 51.631 GC heap before
{Heap before GC invocations=46 (full 0):
 garbage-first heap   total 262144K, used 206848K [0x00000000a0000000, 0x0000000100000000)
  region size 1024K, 78 young (79872K), 12 survivors (12288K)
 Metaspace       used 129735K, capacity 133542K, committed 133756K, reserved 1165312K
  class space    used 16122K, capacity 17571K, committed 17664K, reserved 1048576K
}
Event: 51.666 GC heap after
{Heap after GC invocations=47 (full 0):
 garbage-first heap   total 262144K, used 153153K [0x00000000a0000000, 0x0000000100000000)
  region size 1024K, 10 young (10240K), 10 survivors (10240K)
 Metaspace       used 129735K, capacity 133542K, committed 133756K, reserved 1165312K
  class space    used 16122K, capacity 17571K, committed 17664K, reserved 1048576K
}
Event: 51.798 GC heap before
{Heap before GC invocations=47 (full 0):
 garbage-first heap   total 262144K, used 210497K [0x00000000a0000000, 0x0000000100000000)
  region size 1024K, 66 young (67584K), 10 survivors (10240K)
 Metaspace       used 130137K, capacity 133955K, committed 134012K, reserved 1165312K
  class space    used 16200K, capacity 17645K, committed 17664K, reserved 1048576K
}
Event: 51.823 GC heap after
{Heap after GC invocations=48 (full 0):
 garbage-first heap   total 262144K, used 164455K [0x00000000a0000000, 0x0000000100000000)
  region size 1024K, 9 young (9216K), 9 survivors (9216K)
 Metaspace       used 130137K, capacity 133955K, committed 134012K, reserved 1165312K
  class space    used 16200K, capacity 17645K, committed 17664K, reserved 1048576K
}
Event: 52.171 GC heap before
{Heap before GC invocations=49 (full 0):
 garbage-first heap   total 262144K, used 211559K [0x00000000a0000000, 0x0000000100000000)
  region size 1024K, 57 young (58368K), 9 survivors (9216K)
 Metaspace       used 130574K, capacity 133761K, committed 135292K, reserved 1167360K
  class space    used 16127K, capacity 17330K, committed 17920K, reserved 1048576K
}
Event: 52.195 GC heap after
{Heap after GC invocations=50 (full 0):
 garbage-first heap   total 262144K, used 173232K [0x00000000a0000000, 0x0000000100000000)
  region size 1024K, 8 young (8192K), 8 survivors (8192K)
 Metaspace       used 130574K, capacity 133761K, committed 135292K, reserved 1167360K
  class space    used 16127K, capacity 17330K, committed 17920K, reserved 1048576K
}
Event: 52.585 GC heap before
{Heap before GC invocations=50 (full 0):
 garbage-first heap   total 262144K, used 216240K [0x00000000a0000000, 0x0000000100000000)
  region size 1024K, 50 young (51200K), 8 survivors (8192K)
 Metaspace       used 132660K, capacity 136033K, committed 136956K, reserved 1169408K
  class space    used 16450K, capacity 17727K, committed 18048K, reserved 1048576K
}
Event: 52.606 GC heap after
{Heap after GC invocations=51 (full 0):
 garbage-first heap   total 262144K, used 181872K [0x00000000a0000000, 0x0000000100000000)
  region size 1024K, 7 young (7168K), 7 survivors (7168K)
 Metaspace       used 132660K, capacity 136033K, committed 136956K, reserved 1169408K
  class space    used 16450K, capacity 17727K, committed 18048K, reserved 1048576K
}
Event: 53.113 GC heap before
{Heap before GC invocations=52 (full 0):
 garbage-first heap   total 262144K, used 217712K [0x00000000a0000000, 0x0000000100000000)
  region size 1024K, 43 young (44032K), 7 survivors (7168K)
 Metaspace       used 133439K, capacity 136667K, committed 138108K, reserved 1169408K
  class space    used 16434K, capacity 17637K, committed 18176K, reserved 1048576K
}
Event: 53.125 GC heap after
{Heap after GC invocations=53 (full 0):
 garbage-first heap   total 322560K, used 185346K [0x00000000a0000000, 0x0000000100000000)
  region size 1024K, 3 young (3072K), 3 survivors (3072K)
 Metaspace       used 133439K, capacity 136667K, committed 138108K, reserved 1169408K
  class space    used 16434K, capacity 17637K, committed 18176K, reserved 1048576K
}
Event: 53.711 GC heap before
{Heap before GC invocations=53 (full 0):
 garbage-first heap   total 322560K, used 246786K [0x00000000a0000000, 0x0000000100000000)
  region size 1024K, 64 young (65536K), 3 survivors (3072K)
 Metaspace       used 134184K, capacity 137365K, committed 138620K, reserved 1169408K
  class space    used 16488K, capacity 17672K, committed 18176K, reserved 1048576K
}
Event: 53.729 GC heap after
{Heap after GC invocations=54 (full 0):
 garbage-first heap   total 322560K, used 185885K [0x00000000a0000000, 0x0000000100000000)
  region size 1024K, 4 young (4096K), 4 survivors (4096K)
 Metaspace       used 134184K, capacity 137365K, committed 138620K, reserved 1169408K
  class space    used 16488K, capacity 17672K, committed 18176K, reserved 1048576K
}
Event: 54.834 GC heap before
{Heap before GC invocations=55 (full 0):
 garbage-first heap   total 322560K, used 250397K [0x00000000a0000000, 0x0000000100000000)
  region size 1024K, 68 young (69632K), 4 survivors (4096K)
 Metaspace       used 134534K, capacity 137673K, committed 139260K, reserved 1171456K
  class space    used 16462K, capacity 17636K, committed 18304K, reserved 1048576K
}
Event: 54.842 GC heap after
{Heap after GC invocations=56 (full 0):
 garbage-first heap   total 322560K, used 185481K [0x00000000a0000000, 0x0000000100000000)
  region size 1024K, 3 young (3072K), 3 survivors (3072K)
 Metaspace       used 134534K, capacity 137673K, committed 139260K, reserved 1171456K
  class space    used 16462K, capacity 17636K, committed 18304K, reserved 1048576K
}
Event: 55.967 GC heap before
{Heap before GC invocations=56 (full 0):
 garbage-first heap   total 322560K, used 254089K [0x00000000a0000000, 0x0000000100000000)
  region size 1024K, 71 young (72704K), 3 survivors (3072K)
 Metaspace       used 134796K, capacity 137960K, committed 139516K, reserved 1171456K
  class space    used 16480K, capacity 17642K, committed 18304K, reserved 1048576K
}
Event: 55.979 GC heap after
{Heap after GC invocations=57 (full 0):
 garbage-first heap   total 322560K, used 186263K [0x00000000a0000000, 0x0000000100000000)
  region size 1024K, 4 young (4096K), 4 survivors (4096K)
 Metaspace       used 134796K, capacity 137960K, committed 139516K, reserved 1171456K
  class space    used 16480K, capacity 17642K, committed 18304K, reserved 1048576K
}
Event: 56.677 GC heap before
{Heap before GC invocations=58 (full 0):
 garbage-first heap   total 322560K, used 257943K [0x00000000a0000000, 0x0000000100000000)
  region size 1024K, 74 young (75776K), 4 survivors (4096K)
 Metaspace       used 135099K, capacity 138269K, committed 139772K, reserved 1171456K
  class space    used 16518K, capacity 17698K, committed 18304K, reserved 1048576K
}
Event: 56.690 GC heap after
{Heap after GC invocations=59 (full 0):
 garbage-first heap   total 322560K, used 186289K [0x00000000a0000000, 0x0000000100000000)
  region size 1024K, 4 young (4096K), 4 survivors (4096K)
 Metaspace       used 135099K, capacity 138269K, committed 139772K, reserved 1171456K
  class space    used 16518K, capacity 17698K, committed 18304K, reserved 1048576K
}
Event: 56.949 GC heap before
{Heap before GC invocations=59 (full 0):
 garbage-first heap   total 322560K, used 260017K [0x00000000a0000000, 0x0000000100000000)
  region size 1024K, 77 young (78848K), 4 survivors (4096K)
 Metaspace       used 135124K, capacity 138341K, committed 139772K, reserved 1171456K
  class space    used 16519K, capacity 17700K, committed 18304K, reserved 1048576K
}
Event: 56.961 GC heap after
{Heap after GC invocations=60 (full 0):
 garbage-first heap   total 322560K, used 186505K [0x00000000a0000000, 0x0000000100000000)
  region size 1024K, 4 young (4096K), 4 survivors (4096K)
 Metaspace       used 135124K, capacity 138341K, committed 139772K, reserved 1171456K
  class space    used 16519K, capacity 17700K, committed 18304K, reserved 1048576K
}

