# JRE version: OpenJDK Runtime Environment (11.0.12+7) (build 11.0.12+7-b1504.28-7817840)
# Java VM: OpenJDK 64-Bit Server VM (11.0.12+7-b1504.28-7817840, mixed mode, tiered, compressed oops, g1 gc, windows-amd64)
Heap:
 garbage-first heap   total 461824K, used 197748K [0x00000000a0000000, 0x0000000100000000)
  region size 1024K, 8 young (8192K), 8 survivors (8192K)
 Metaspace       used 109285K, capacity 112142K, committed 112880K, reserved 1146880K
  class space    used 14023K, capacity 15114K, committed 15564K, reserved 1048576K
GC Heap History (20 events):
Event: 17.570 GC heap after
{Heap after GC invocations=25 (full 0):
 garbage-first heap   total 262144K, used 172432K [0x00000000a0000000, 0x0000000100000000)
  region size 1024K, 6 young (6144K), 6 survivors (6144K)
 Metaspace       used 106356K, capacity 109327K, committed 109936K, reserved 1144832K
  class space    used 13940K, capacity 15142K, committed 15436K, reserved 1048576K
}
Event: 17.788 GC heap before
{Heap before GC invocations=25 (full 0):
 garbage-first heap   total 262144K, used 214416K [0x00000000a0000000, 0x0000000100000000)
  region size 1024K, 47 young (48128K), 6 survivors (6144K)
 Metaspace       used 106558K, capacity 109540K, committed 110192K, reserved 1144832K
  class space    used 13962K, capacity 15146K, committed 15436K, reserved 1048576K
}
Event: 17.797 GC heap after
{Heap after GC invocations=26 (full 0):
 garbage-first heap   total 315392K, used 174846K [0x00000000a0000000, 0x0000000100000000)
  region size 1024K, 3 young (3072K), 3 survivors (3072K)
 Metaspace       used 106558K, capacity 109540K, committed 110192K, reserved 1144832K
  class space    used 13962K, capacity 15146K, committed 15436K, reserved 1048576K
}
Event: 18.027 GC heap before
{Heap before GC invocations=27 (full 0):
 garbage-first heap   total 315392K, used 235262K [0x00000000a0000000, 0x0000000100000000)
  region size 1024K, 63 young (64512K), 3 survivors (3072K)
 Metaspace       used 106123K, capacity 108762K, committed 110448K, reserved 1144832K
  class space    used 13724K, capacity 14731K, committed 15436K, reserved 1048576K
}
Event: 18.033 GC heap after
{Heap after GC invocations=28 (full 0):
 garbage-first heap   total 315392K, used 175742K [0x00000000a0000000, 0x0000000100000000)
  region size 1024K, 4 young (4096K), 4 survivors (4096K)
 Metaspace       used 106123K, capacity 108762K, committed 110448K, reserved 1144832K
  class space    used 13724K, capacity 14731K, committed 15436K, reserved 1048576K
}
Event: 18.211 GC heap before
{Heap before GC invocations=28 (full 0):
 garbage-first heap   total 315392K, used 240254K [0x00000000a0000000, 0x0000000100000000)
  region size 1024K, 67 young (68608K), 4 survivors (4096K)
 Metaspace       used 106675K, capacity 109308K, committed 110704K, reserved 1144832K
  class space    used 13797K, capacity 14807K, committed 15436K, reserved 1048576K
}
Event: 18.217 GC heap after
{Heap after GC invocations=29 (full 0):
 garbage-first heap   total 315392K, used 176533K [0x00000000a0000000, 0x0000000100000000)
  region size 1024K, 5 young (5120K), 5 survivors (5120K)
 Metaspace       used 106675K, capacity 109308K, committed 110704K, reserved 1144832K
  class space    used 13797K, capacity 14807K, committed 15436K, reserved 1048576K
}
Event: 18.631 GC heap before
{Heap before GC invocations=30 (full 0):
 garbage-first heap   total 315392K, used 243093K [0x00000000a0000000, 0x0000000100000000)
  region size 1024K, 71 young (72704K), 5 survivors (5120K)
 Metaspace       used 107638K, capacity 110286K, committed 111728K, reserved 1146880K
  class space    used 13822K, capacity 14806K, committed 15436K, reserved 1048576K
}
Event: 18.639 GC heap after
{Heap after GC invocations=31 (full 0):
 garbage-first heap   total 315392K, used 176773K [0x00000000a0000000, 0x0000000100000000)
  region size 1024K, 5 young (5120K), 5 survivors (5120K)
 Metaspace       used 107638K, capacity 110286K, committed 111728K, reserved 1146880K
  class space    used 13822K, capacity 14806K, committed 15436K, reserved 1048576K
}
Event: 18.817 GC heap before
{Heap before GC invocations=31 (full 0):
 garbage-first heap   total 315392K, used 247429K [0x00000000a0000000, 0x0000000100000000)
  region size 1024K, 74 young (75776K), 5 survivors (5120K)
 Metaspace       used 108130K, capacity 110815K, committed 112368K, reserved 1146880K
  class space    used 13853K, capacity 14866K, committed 15564K, reserved 1048576K
}
Event: 18.824 GC heap after
{Heap after GC invocations=32 (full 0):
 garbage-first heap   total 315392K, used 177065K [0x00000000a0000000, 0x0000000100000000)
  region size 1024K, 5 young (5120K), 5 survivors (5120K)
 Metaspace       used 108130K, capacity 110815K, committed 112368K, reserved 1146880K
  class space    used 13853K, capacity 14866K, committed 15564K, reserved 1048576K
}
Event: 19.313 GC heap before
{Heap before GC invocations=33 (full 0):
 garbage-first heap   total 315392K, used 251817K [0x00000000a0000000, 0x0000000100000000)
  region size 1024K, 78 young (79872K), 5 survivors (5120K)
 Metaspace       used 108711K, capacity 111465K, committed 112624K, reserved 1146880K
  class space    used 13962K, capacity 15022K, committed 15564K, reserved 1048576K
}
Event: 19.325 GC heap after
{Heap after GC invocations=34 (full 0):
 garbage-first heap   total 315392K, used 178114K [0x00000000a0000000, 0x0000000100000000)
  region size 1024K, 6 young (6144K), 6 survivors (6144K)
 Metaspace       used 108711K, capacity 111465K, committed 112624K, reserved 1146880K
  class space    used 13962K, capacity 15022K, committed 15564K, reserved 1048576K
}
Event: 19.787 GC heap before
{Heap before GC invocations=34 (full 0):
 garbage-first heap   total 315392K, used 254914K [0x00000000a0000000, 0x0000000100000000)
  region size 1024K, 81 young (82944K), 6 survivors (6144K)
 Metaspace       used 109051K, capacity 111836K, committed 112624K, reserved 1146880K
  class space    used 14010K, capacity 15081K, committed 15564K, reserved 1048576K
}
Event: 19.804 GC heap after
{Heap after GC invocations=35 (full 0):
 garbage-first heap   total 315392K, used 180018K [0x00000000a0000000, 0x0000000100000000)
  region size 1024K, 8 young (8192K), 8 survivors (8192K)
 Metaspace       used 109051K, capacity 111836K, committed 112624K, reserved 1146880K
  class space    used 14010K, capacity 15081K, committed 15564K, reserved 1048576K
}
Event: 20.540 GC heap before
{Heap before GC invocations=36 (full 0):
 garbage-first heap   total 315392K, used 256818K [0x00000000a0000000, 0x0000000100000000)
  region size 1024K, 84 young (86016K), 8 survivors (8192K)
 Metaspace       used 109155K, capacity 112043K, committed 112880K, reserved 1146880K
  class space    used 14011K, capacity 15082K, committed 15564K, reserved 1048576K
}
Event: 20.563 GC heap after
{Heap after GC invocations=37 (full 0):
 garbage-first heap   total 315392K, used 186801K [0x00000000a0000000, 0x0000000100000000)
  region size 1024K, 11 young (11264K), 11 survivors (11264K)
 Metaspace       used 109155K, capacity 112043K, committed 112880K, reserved 1146880K
  class space    used 14011K, capacity 15082K, committed 15564K, reserved 1048576K
}
Event: 20.797 GC heap before
{Heap before GC invocations=37 (full 0):
 garbage-first heap   total 315392K, used 259505K [0x00000000a0000000, 0x0000000100000000)
  region size 1024K, 83 young (84992K), 11 survivors (11264K)
 Metaspace       used 109176K, capacity 112044K, committed 112880K, reserved 1146880K
  class space    used 14011K, capacity 15082K, committed 15564K, reserved 1048576K
}
Event: 20.846 GC heap after
{Heap after GC invocations=38 (full 0):
 garbage-first heap   total 315392K, used 192084K [0x00000000a0000000, 0x0000000100000000)
  region size 1024K, 8 young (8192K), 8 survivors (8192K)
 Metaspace       used 109176K, capacity 112044K, committed 112880K, reserved 1146880K
  class space    used 14011K, capacity 15082K, committed 15564K, reserved 1048576K
}
Event: 21.405 GC heap before
{Heap before GC invocations=39 (full 0):
 garbage-first heap   total 315392K, used 261716K [0x00000000a0000000, 0x0000000100000000)
  region size 1024K, 77 young (78848K), 8 survivors (8192K)
 Metaspace       used 109285K, capacity 112142K, committed 112880K, reserved 1146880K
  class space    used 14023K, capacity 15114K, committed 15564K, reserved 1048576K
}

